{
  "0 debug pnpm:scope": {
    "selected": 1
  },
  "1 info pnpm": {
    "err": {
      "name": "Error",
      "message": "not found: dev",
      "code": "ENOENT",
      "stack": "Error: not found: dev\n    at getNotFoundError (/Users/jiangsongyang/.nvm/versions/node/v16.13.0/lib/node_modules/pnpm/dist/pnpm.cjs:41702:51)\n    at Function.whichSync [as sync] (/Users/jiangsongyang/.nvm/versions/node/v16.13.0/lib/node_modules/pnpm/dist/pnpm.cjs:41779:13)\n    at getCommandAbsolutePathSync (/Users/jiangsongyang/.nvm/versions/node/v16.13.0/lib/node_modules/pnpm/dist/pnpm.cjs:43344:44)\n    at default_1 (/Users/jiangsongyang/.nvm/versions/node/v16.13.0/lib/node_modules/pnpm/dist/pnpm.cjs:43353:32)\n    at /Users/jiangsongyang/.nvm/versions/node/v16.13.0/lib/node_modules/pnpm/dist/pnpm.cjs:178391:39"
    }
  },
  "2 error pnpm": {
    "code": "ERR_PNPM_RECURSIVE_EXEC_FIRST_FAIL",
    "prefix": "/Users/jiangsongyang/Documents/study/study-react",
    "err": {
      "name": "pnpm",
      "message": "not found: dev",
      "code": "ERR_PNPM_RECURSIVE_EXEC_FIRST_FAIL",
      "stack": "Error: not found: dev\n    at getNotFoundError (/Users/jiangsongyang/.nvm/versions/node/v16.13.0/lib/node_modules/pnpm/dist/pnpm.cjs:41702:51)\n    at Function.whichSync [as sync] (/Users/jiangsongyang/.nvm/versions/node/v16.13.0/lib/node_modules/pnpm/dist/pnpm.cjs:41779:13)\n    at getCommandAbsolutePathSync (/Users/jiangsongyang/.nvm/versions/node/v16.13.0/lib/node_modules/pnpm/dist/pnpm.cjs:43344:44)\n    at default_1 (/Users/jiangsongyang/.nvm/versions/node/v16.13.0/lib/node_modules/pnpm/dist/pnpm.cjs:43353:32)\n    at /Users/jiangsongyang/.nvm/versions/node/v16.13.0/lib/node_modules/pnpm/dist/pnpm.cjs:178391:39"
    }
  }
}